<?xml version="1.0" encoding="UTF-8"?>
<testsuite xmlns:xsi="http://www.w3.org/2001/XMLSchema-instance" xsi:noNamespaceSchemaLocation="https://maven.apache.org/surefire/maven-surefire-plugin/xsd/surefire-test-report.xsd" name="com.khaled.bookscomp.AppTest" time="11.582" tests="5" errors="0" skipped="0" failures="0">
  <properties>
    <property name="sun.desktop" value="gnome"/>
    <property name="awt.toolkit" value="sun.awt.X11.XToolkit"/>
    <property name="file.encoding.pkg" value="sun.io"/>
    <property name="java.specification.version" value="1.8"/>
    <property name="sun.cpu.isalist" value=""/>
    <property name="sun.jnu.encoding" value="UTF-8"/>
    <property name="java.class.path" value="/home/sulemaez/Desktop/booksite/webscrapper/target/test-classes:/home/sulemaez/Desktop/booksite/webscrapper/target/classes:/home/sulemaez/.m2/repository/junit/junit/4.11/junit-4.11.jar:/home/sulemaez/.m2/repository/org/hamcrest/hamcrest-core/1.3/hamcrest-core-1.3.jar:/home/sulemaez/.m2/repository/org/springframework/spring-context/5.1.3.RELEASE/spring-context-5.1.3.RELEASE.jar:/home/sulemaez/.m2/repository/org/springframework/spring-aop/5.1.3.RELEASE/spring-aop-5.1.3.RELEASE.jar:/home/sulemaez/.m2/repository/org/springframework/spring-expression/5.1.3.RELEASE/spring-expression-5.1.3.RELEASE.jar:/home/sulemaez/.m2/repository/org/springframework/spring-core/5.1.3.RELEASE/spring-core-5.1.3.RELEASE.jar:/home/sulemaez/.m2/repository/org/springframework/spring-jcl/5.1.3.RELEASE/spring-jcl-5.1.3.RELEASE.jar:/home/sulemaez/.m2/repository/org/springframework/spring-beans/5.1.3.RELEASE/spring-beans-5.1.3.RELEASE.jar:/home/sulemaez/.m2/repository/org/jsoup/jsoup/1.11.3/jsoup-1.11.3.jar:/home/sulemaez/.m2/repository/org/hibernate/hibernate-c3p0/5.3.7.Final/hibernate-c3p0-5.3.7.Final.jar:/home/sulemaez/.m2/repository/org/jboss/logging/jboss-logging/3.3.2.Final/jboss-logging-3.3.2.Final.jar:/home/sulemaez/.m2/repository/com/mchange/c3p0/0.9.5.2/c3p0-0.9.5.2.jar:/home/sulemaez/.m2/repository/com/mchange/mchange-commons-java/0.2.11/mchange-commons-java-0.2.11.jar:/home/sulemaez/.m2/repository/mysql/mysql-connector-java/8.0.13/mysql-connector-java-8.0.13.jar:/home/sulemaez/.m2/repository/com/google/protobuf/protobuf-java/3.6.1/protobuf-java-3.6.1.jar:/home/sulemaez/.m2/repository/org/springframework/spring-orm/4.3.7.RELEASE/spring-orm-4.3.7.RELEASE.jar:/home/sulemaez/.m2/repository/org/springframework/spring-jdbc/4.3.7.RELEASE/spring-jdbc-4.3.7.RELEASE.jar:/home/sulemaez/.m2/repository/org/hibernate/hibernate-core/5.3.7.Final/hibernate-core-5.3.7.Final.jar:/home/sulemaez/.m2/repository/javax/persistence/javax.persistence-api/2.2/javax.persistence-api-2.2.jar:/home/sulemaez/.m2/repository/org/javassist/javassist/3.23.1-GA/javassist-3.23.1-GA.jar:/home/sulemaez/.m2/repository/net/bytebuddy/byte-buddy/1.8.17/byte-buddy-1.8.17.jar:/home/sulemaez/.m2/repository/antlr/antlr/2.7.7/antlr-2.7.7.jar:/home/sulemaez/.m2/repository/org/jboss/spec/javax/transaction/jboss-transaction-api_1.2_spec/1.1.1.Final/jboss-transaction-api_1.2_spec-1.1.1.Final.jar:/home/sulemaez/.m2/repository/org/jboss/jandex/2.0.5.Final/jandex-2.0.5.Final.jar:/home/sulemaez/.m2/repository/com/fasterxml/classmate/1.3.4/classmate-1.3.4.jar:/home/sulemaez/.m2/repository/javax/activation/javax.activation-api/1.2.0/javax.activation-api-1.2.0.jar:/home/sulemaez/.m2/repository/org/dom4j/dom4j/2.1.1/dom4j-2.1.1.jar:/home/sulemaez/.m2/repository/org/hibernate/common/hibernate-commons-annotations/5.0.4.Final/hibernate-commons-annotations-5.0.4.Final.jar:/home/sulemaez/.m2/repository/org/springframework/spring-tx/4.3.7.RELEASE/spring-tx-4.3.7.RELEASE.jar:/home/sulemaez/.m2/repository/org/springframework/plugin/spring-plugin-core/1.2.0.RELEASE/spring-plugin-core-1.2.0.RELEASE.jar:/home/sulemaez/.m2/repository/org/slf4j/slf4j-api/1.7.10/slf4j-api-1.7.10.jar:"/>
    <property name="java.vm.vendor" value="Oracle Corporation"/>
    <property name="sun.arch.data.model" value="64"/>
    <property name="java.vendor.url" value="http://java.oracle.com/"/>
    <property name="user.timezone" value=""/>
    <property name="java.vm.specification.version" value="1.8"/>
    <property name="os.name" value="Linux"/>
    <property name="user.country" value="US"/>
    <property name="sun.java.launcher" value="SUN_STANDARD"/>
    <property name="sun.boot.library.path" value="/usr/lib/java8/jre/lib/amd64"/>
    <property name="sun.java.command" value="/home/sulemaez/Desktop/booksite/webscrapper/target/surefire/surefirebooter6169221675654773327.jar /home/sulemaez/Desktop/booksite/webscrapper/target/surefire 2018-12-13T17-56-33_545-jvmRun1 surefire1527301054833284293tmp surefire_09166449942477506343tmp"/>
    <property name="surefire.test.class.path" value="/home/sulemaez/Desktop/booksite/webscrapper/target/test-classes:/home/sulemaez/Desktop/booksite/webscrapper/target/classes:/home/sulemaez/.m2/repository/junit/junit/4.11/junit-4.11.jar:/home/sulemaez/.m2/repository/org/hamcrest/hamcrest-core/1.3/hamcrest-core-1.3.jar:/home/sulemaez/.m2/repository/org/springframework/spring-context/5.1.3.RELEASE/spring-context-5.1.3.RELEASE.jar:/home/sulemaez/.m2/repository/org/springframework/spring-aop/5.1.3.RELEASE/spring-aop-5.1.3.RELEASE.jar:/home/sulemaez/.m2/repository/org/springframework/spring-expression/5.1.3.RELEASE/spring-expression-5.1.3.RELEASE.jar:/home/sulemaez/.m2/repository/org/springframework/spring-core/5.1.3.RELEASE/spring-core-5.1.3.RELEASE.jar:/home/sulemaez/.m2/repository/org/springframework/spring-jcl/5.1.3.RELEASE/spring-jcl-5.1.3.RELEASE.jar:/home/sulemaez/.m2/repository/org/springframework/spring-beans/5.1.3.RELEASE/spring-beans-5.1.3.RELEASE.jar:/home/sulemaez/.m2/repository/org/jsoup/jsoup/1.11.3/jsoup-1.11.3.jar:/home/sulemaez/.m2/repository/org/hibernate/hibernate-c3p0/5.3.7.Final/hibernate-c3p0-5.3.7.Final.jar:/home/sulemaez/.m2/repository/org/jboss/logging/jboss-logging/3.3.2.Final/jboss-logging-3.3.2.Final.jar:/home/sulemaez/.m2/repository/com/mchange/c3p0/0.9.5.2/c3p0-0.9.5.2.jar:/home/sulemaez/.m2/repository/com/mchange/mchange-commons-java/0.2.11/mchange-commons-java-0.2.11.jar:/home/sulemaez/.m2/repository/mysql/mysql-connector-java/8.0.13/mysql-connector-java-8.0.13.jar:/home/sulemaez/.m2/repository/com/google/protobuf/protobuf-java/3.6.1/protobuf-java-3.6.1.jar:/home/sulemaez/.m2/repository/org/springframework/spring-orm/4.3.7.RELEASE/spring-orm-4.3.7.RELEASE.jar:/home/sulemaez/.m2/repository/org/springframework/spring-jdbc/4.3.7.RELEASE/spring-jdbc-4.3.7.RELEASE.jar:/home/sulemaez/.m2/repository/org/hibernate/hibernate-core/5.3.7.Final/hibernate-core-5.3.7.Final.jar:/home/sulemaez/.m2/repository/javax/persistence/javax.persistence-api/2.2/javax.persistence-api-2.2.jar:/home/sulemaez/.m2/repository/org/javassist/javassist/3.23.1-GA/javassist-3.23.1-GA.jar:/home/sulemaez/.m2/repository/net/bytebuddy/byte-buddy/1.8.17/byte-buddy-1.8.17.jar:/home/sulemaez/.m2/repository/antlr/antlr/2.7.7/antlr-2.7.7.jar:/home/sulemaez/.m2/repository/org/jboss/spec/javax/transaction/jboss-transaction-api_1.2_spec/1.1.1.Final/jboss-transaction-api_1.2_spec-1.1.1.Final.jar:/home/sulemaez/.m2/repository/org/jboss/jandex/2.0.5.Final/jandex-2.0.5.Final.jar:/home/sulemaez/.m2/repository/com/fasterxml/classmate/1.3.4/classmate-1.3.4.jar:/home/sulemaez/.m2/repository/javax/activation/javax.activation-api/1.2.0/javax.activation-api-1.2.0.jar:/home/sulemaez/.m2/repository/org/dom4j/dom4j/2.1.1/dom4j-2.1.1.jar:/home/sulemaez/.m2/repository/org/hibernate/common/hibernate-commons-annotations/5.0.4.Final/hibernate-commons-annotations-5.0.4.Final.jar:/home/sulemaez/.m2/repository/org/springframework/spring-tx/4.3.7.RELEASE/spring-tx-4.3.7.RELEASE.jar:/home/sulemaez/.m2/repository/org/springframework/plugin/spring-plugin-core/1.2.0.RELEASE/spring-plugin-core-1.2.0.RELEASE.jar:/home/sulemaez/.m2/repository/org/slf4j/slf4j-api/1.7.10/slf4j-api-1.7.10.jar:"/>
    <property name="sun.cpu.endian" value="little"/>
    <property name="user.home" value="/home/sulemaez"/>
    <property name="user.language" value="en"/>
    <property name="java.specification.vendor" value="Oracle Corporation"/>
    <property name="java.home" value="/usr/lib/java8/jre"/>
    <property name="basedir" value="/home/sulemaez/Desktop/booksite/webscrapper"/>
    <property name="file.separator" value="/"/>
    <property name="line.separator" value="&#10;"/>
    <property name="java.vm.specification.vendor" value="Oracle Corporation"/>
    <property name="java.specification.name" value="Java Platform API Specification"/>
    <property name="java.awt.graphicsenv" value="sun.awt.X11GraphicsEnvironment"/>
    <property name="surefire.real.class.path" value="/home/sulemaez/Desktop/booksite/webscrapper/target/surefire/surefirebooter6169221675654773327.jar"/>
    <property name="sun.boot.class.path" value="/usr/lib/java8/jre/lib/resources.jar:/usr/lib/java8/jre/lib/rt.jar:/usr/lib/java8/jre/lib/sunrsasign.jar:/usr/lib/java8/jre/lib/jsse.jar:/usr/lib/java8/jre/lib/jce.jar:/usr/lib/java8/jre/lib/charsets.jar:/usr/lib/java8/jre/lib/jfr.jar:/usr/lib/java8/jre/classes"/>
    <property name="sun.management.compiler" value="HotSpot 64-Bit Tiered Compilers"/>
    <property name="java.runtime.version" value="1.8.0_192-b12"/>
    <property name="user.name" value="sulemaez"/>
    <property name="path.separator" value=":"/>
    <property name="os.version" value="4.19.4-arch1-1-ARCH"/>
    <property name="java.endorsed.dirs" value="/usr/lib/java8/jre/lib/endorsed"/>
    <property name="java.runtime.name" value="Java(TM) SE Runtime Environment"/>
    <property name="file.encoding" value="UTF-8"/>
    <property name="java.vm.name" value="Java HotSpot(TM) 64-Bit Server VM"/>
    <property name="localRepository" value="/home/sulemaez/.m2/repository"/>
    <property name="java.vendor.url.bug" value="http://bugreport.sun.com/bugreport/"/>
    <property name="java.io.tmpdir" value="/tmp"/>
    <property name="java.version" value="1.8.0_192"/>
    <property name="user.dir" value="/home/sulemaez/Desktop/booksite/webscrapper"/>
    <property name="os.arch" value="amd64"/>
    <property name="java.vm.specification.name" value="Java Virtual Machine Specification"/>
    <property name="java.awt.printerjob" value="sun.print.PSPrinterJob"/>
    <property name="sun.os.patch.level" value="unknown"/>
    <property name="java.library.path" value="/usr/java/packages/lib/amd64:/usr/lib64:/lib64:/lib:/usr/lib"/>
    <property name="java.vm.info" value="mixed mode"/>
    <property name="java.vendor" value="Oracle Corporation"/>
    <property name="java.vm.version" value="25.192-b12"/>
    <property name="java.ext.dirs" value="/usr/lib/java8/jre/lib/ext:/usr/java/packages/lib/ext"/>
    <property name="sun.io.unicode.encoding" value="UnicodeLittle"/>
    <property name="java.class.version" value="52.0"/>
  </properties>
  <testcase name="testHibernateSession" classname="com.khaled.bookscomp.AppTest" time="3.414"/>
  <testcase name="testBook" classname="com.khaled.bookscomp.AppTest" time="0.437"/>
  <testcase name="testListBooks" classname="com.khaled.bookscomp.AppTest" time="6.63"/>
  <testcase name="testDao" classname="com.khaled.bookscomp.AppTest" time="0.629"/>
  <testcase name="testAppconfigBookService" classname="com.khaled.bookscomp.AppTest" time="0.453"/>
</testsuite>